[2024-12-11 17:00:01 INFO restartedMain] [com.green.greengram.GreenGramApplication] Starting GreenGramVer3Application using Java 17.0.12 with PID 10184 (D:\BHB\GreenGramVer3\build\classes\java\main started by Administrator in D:\BHB\GreenGramVer3)
[2024-12-11 17:00:01 INFO restartedMain] [com.green.greengram.GreenGramApplication] No active profile set, falling back to 1 default profile: "default"
[2024-12-11 17:00:01 INFO restartedMain] [org.springframework.boot.devtools.env.DevToolsPropertyDefaultsPostProcessor] Devtools property defaults active! Set 'spring.devtools.add-properties' to 'false' to disable
[2024-12-11 17:00:01 INFO restartedMain] [org.springframework.boot.devtools.env.DevToolsPropertyDefaultsPostProcessor] For additional web related logging consider setting the 'logging.level.web' property to 'DEBUG'
[2024-12-11 17:00:02 INFO restartedMain] [org.springframework.boot.web.embedded.tomcat.TomcatWebServer] Tomcat initialized with port 8080 (http)
[2024-12-11 17:00:02 INFO restartedMain] [org.apache.coyote.http11.Http11NioProtocol] Initializing ProtocolHandler ["http-nio-8080"]
[2024-12-11 17:00:02 INFO restartedMain] [org.apache.catalina.core.StandardService] Starting service [Tomcat]
[2024-12-11 17:00:02 INFO restartedMain] [org.apache.catalina.core.StandardEngine] Starting Servlet engine: [Apache Tomcat/10.1.33]
[2024-12-11 17:00:02 INFO restartedMain] [org.apache.catalina.core.ContainerBase.[Tomcat].[localhost].[/]] Initializing Spring embedded WebApplicationContext
[2024-12-11 17:00:02 INFO restartedMain] [org.springframework.boot.web.servlet.context.ServletWebServerApplicationContext] Root WebApplicationContext: initialization completed in 785 ms
[2024-12-11 17:00:02 INFO restartedMain] [com.green.greengram.common.MyFileUtils] MyFileUtils - 생성자: D:\BHB\download\greengram_ver3
[2024-12-11 17:00:02 INFO restartedMain] [com.zaxxer.hikari.HikariDataSource] HikariPool-1 - Starting...
[2024-12-11 17:00:02 INFO restartedMain] [com.zaxxer.hikari.pool.HikariPool] HikariPool-1 - Added connection net.sf.log4jdbc.sql.jdbcapi.ConnectionSpy@6900d2e9
[2024-12-11 17:00:02 INFO restartedMain] [com.zaxxer.hikari.HikariDataSource] HikariPool-1 - Start completed.
[2024-12-11 17:00:02 INFO restartedMain] [org.springframework.boot.autoconfigure.web.servlet.WelcomePageHandlerMapping] Adding welcome page: class path resource [static/index.html]
[2024-12-11 17:00:02 INFO restartedMain] [org.springframework.boot.devtools.autoconfigure.OptionalLiveReloadServer] LiveReload server is running on port 35729
[2024-12-11 17:00:02 INFO restartedMain] [org.apache.coyote.http11.Http11NioProtocol] Starting ProtocolHandler ["http-nio-8080"]
[2024-12-11 17:00:03 INFO restartedMain] [org.springframework.boot.web.embedded.tomcat.TomcatWebServer] Tomcat started on port 8080 (http) with context path '/'
[2024-12-11 17:00:03 INFO restartedMain] [com.green.greengram.GreenGramApplication] Started GreenGramVer3Application in 1.736 seconds (process running for 2.076)
[2024-12-11 17:00:14 INFO http-nio-8080-exec-1] [org.apache.catalina.core.ContainerBase.[Tomcat].[localhost].[/]] Initializing Spring DispatcherServlet 'dispatcherServlet'
[2024-12-11 17:00:14 INFO http-nio-8080-exec-1] [org.springframework.web.servlet.DispatcherServlet] Initializing Servlet 'dispatcherServlet'
[2024-12-11 17:00:14 INFO http-nio-8080-exec-1] [org.springframework.web.servlet.DispatcherServlet] Completed initialization in 0 ms
[2024-12-11 17:00:14 INFO http-nio-8080-exec-8] [com.green.greengram.feed.FeedController] FeedController > getFeedList > p: FeedGetReq(super=Paging(page=1, size=20, startIdx=0), signedUserId=9, profileUserId=null)
[2024-12-11 17:00:14 DEBUGhttp-nio-8080-exec-8] [jdbc.sqltiming]  com.zaxxer.hikari.pool.ProxyPreparedStatement.execute(ProxyPreparedStatement.java:44)
1. SELECT A.feed_id AS feedId, A.contents, A.location
             , A.created_at AS createdAt
             , B.user_id AS writerUserId
             , IF(B.nick_name IS NULL, B.uid, B.nick_name) AS writerNm
             , B.pic AS writerPic
             , IF(C.feed_id IS NULL, 0, 1) AS isLike
          FROM feed A
         INNER JOIN user B
            ON A.writer_user_id = B.user_id

        LEFT JOIN feed_like C
            ON A.feed_id = C.feed_id
           AND C.user_id = 9
         ORDER BY A.feed_id DESC
         LIMIT 0, 20
 {executed in 0 msec}
[2024-12-11 17:00:14 INFO http-nio-8080-exec-8] [jdbc.resultsettable] 
|--------|---------|---------|--------------------|--------|---------|-----------------------------------------|-------|
|feed_id |contents |location |created_at          |user_id |writernm |pic                                      |islike |
|--------|---------|---------|--------------------|--------|---------|-----------------------------------------|-------|
|22      |         |         |2024-12-09 16:30:06 |6       |8        |292cc9ec-541d-454e-beda-2233f6bb26b2.gif |0      |
|21      |         |         |2024-12-09 16:29:56 |6       |8        |292cc9ec-541d-454e-beda-2233f6bb26b2.gif |0      |
|19      |         |         |2024-12-09 11:54:50 |6       |8        |292cc9ec-541d-454e-beda-2233f6bb26b2.gif |0      |
|18      |         |         |2024-12-06 12:45:10 |6       |8        |292cc9ec-541d-454e-beda-2233f6bb26b2.gif |0      |
|5       |123      |중앙로      |2024-11-29 10:36:12 |2       |홍길동      |6d88f58a-0c38-4010-b703-3ccb187071d8.jpg |0      |
|--------|---------|---------|--------------------|--------|---------|-----------------------------------------|-------|

[2024-12-11 17:00:14 INFO http-nio-8080-exec-8] [com.green.greengram.feed.FeedService] feedIds : [22, 21, 19, 18, 5]
[2024-12-11 17:00:14 DEBUGhttp-nio-8080-exec-8] [jdbc.sqltiming]  com.zaxxer.hikari.pool.ProxyPreparedStatement.execute(ProxyPreparedStatement.java:44)
1. select feed_id AS feedId, pic
        from feed_pic
        where feed_id in
         (  
            22
         , 
            21
         , 
            19
         , 
            18
         , 
            5
         ) 
        order by feed_id desc
 {executed in 2 msec}
[2024-12-11 17:00:14 INFO http-nio-8080-exec-8] [jdbc.resultsettable] 
|--------|-----------------------------------------|
|feed_id |pic                                      |
|--------|-----------------------------------------|
|22      |71b713ca-7094-4c0a-939c-29d119340ee6.gif |
|21      |6d6e94d5-499f-454f-aa08-d40373161e86.gif |
|19      |83e83807-46f8-4040-8f70-667accd3c76f.gif |
|18      |a773e1e8-508b-4ce5-8c6f-e3af220615dc.gif |
|5       |f490d2ad-c64d-4006-a74a-8235888e3e87.jpg |
|5       |c95cc439-e1e7-40f4-81fa-013b069631ca.jpg |
|5       |675d9f82-0c18-4f6e-91a3-9858129aeb7e.jpg |
|--------|-----------------------------------------|

[2024-12-11 17:00:14 INFO http-nio-8080-exec-8] [com.green.greengram.feed.FeedService] feedPicList : [com.green.greengram.feed.model.FeedPicSel@4caf9b46, com.green.greengram.feed.model.FeedPicSel@30c55335, com.green.greengram.feed.model.FeedPicSel@d82576, com.green.greengram.feed.model.FeedPicSel@7fa47b45, com.green.greengram.feed.model.FeedPicSel@4fe1ba5c, com.green.greengram.feed.model.FeedPicSel@5527046e, com.green.greengram.feed.model.FeedPicSel@14956829]
[2024-12-11 17:00:14 DEBUGhttp-nio-8080-exec-8] [jdbc.sqltiming]  com.zaxxer.hikari.pool.ProxyPreparedStatement.execute(ProxyPreparedStatement.java:44)
1. SELECT T.feedId, T.feedCommentId, T.comment
        FROM (
        SELECT ROW_NUMBER() OVER (PARTITION BY A.feed_id ORDER BY A.feed_id, A.feed_comment_id DESC) AS num
        , A.feed_id AS feedId
        , A.feed_comment_id AS feedCommentId
        , A.comment
        , B.user_id AS writerUserId
        , IF(B.nick_name IS NULL, B.uid, B.nick_name) AS writerNm
        , B.pic AS writerPic
        FROM feed_comment A
        INNER JOIN user B
        ON A.user_id = B.user_id
        WHERE A.feed_id IN
         (  
            22
         , 
            21
         , 
            19
         , 
            18
         , 
            5
         ) 
        )T
        WHERE T.num    <=   4
 {executed in 5 msec}
[2024-12-11 17:00:14 INFO http-nio-8080-exec-8] [jdbc.resultsettable] 
|-------|--------------|--------|
|feedid |feedcommentid |comment |
|-------|--------------|--------|
|5      |95            |ㅁㄴㅇ     |
|18     |94            |ㅁㄴㅇ     |
|19     |93            |함       |
|19     |92            |야       |
|19     |91            |어       |
|19     |90            |있       |
|21     |87            |함       |
|21     |86            |야       |
|21     |85            |어       |
|21     |84            |있       |
|22     |81            |함       |
|22     |80            |야       |
|22     |79            |어       |
|22     |78            |있       |
|-------|--------------|--------|

[2024-12-11 17:00:14 INFO http-nio-8080-exec-8] [com.green.greengram.feed.FeedService] List : [com.green.greengram.feed.model.FeedGetRes@c7905c2, com.green.greengram.feed.model.FeedGetRes@71b00678, com.green.greengram.feed.model.FeedGetRes@3f46780f, com.green.greengram.feed.model.FeedGetRes@4b47db1a, com.green.greengram.feed.model.FeedGetRes@f5490a5]
[2024-12-11 17:22:59 INFO File Watcher] [org.springframework.boot.devtools.autoconfigure.LocalDevToolsAutoConfiguration$RestartingClassPathChangeChangedEventListener] Restarting due to 3 class path changes (0 additions, 0 deletions, 3 modifications)
[2024-12-11 17:22:59 INFO Thread-5] [org.apache.coyote.http11.Http11NioProtocol] Stopping ProtocolHandler ["http-nio-8080"]
[2024-12-11 17:22:59 INFO Thread-5] [com.zaxxer.hikari.HikariDataSource] HikariPool-1 - Shutdown initiated...
[2024-12-11 17:22:59 INFO Thread-5] [com.zaxxer.hikari.HikariDataSource] HikariPool-1 - Shutdown completed.
[2024-12-11 17:22:59 INFO restartedMain] [com.green.greengram.GreenGramApplication] Starting GreenGramVer3Application using Java 17.0.12 with PID 10184 (D:\BHB\GreenGramVer3\build\classes\java\main started by Administrator in D:\BHB\GreenGramVer3)
[2024-12-11 17:22:59 INFO restartedMain] [com.green.greengram.GreenGramApplication] No active profile set, falling back to 1 default profile: "default"
[2024-12-11 17:22:59 INFO restartedMain] [org.springframework.boot.web.embedded.tomcat.TomcatWebServer] Tomcat initialized with port 8080 (http)
[2024-12-11 17:22:59 INFO restartedMain] [org.apache.coyote.http11.Http11NioProtocol] Initializing ProtocolHandler ["http-nio-8080"]
[2024-12-11 17:22:59 INFO restartedMain] [org.apache.catalina.core.StandardService] Starting service [Tomcat]
[2024-12-11 17:22:59 INFO restartedMain] [org.apache.catalina.core.StandardEngine] Starting Servlet engine: [Apache Tomcat/10.1.33]
[2024-12-11 17:22:59 INFO restartedMain] [org.apache.catalina.core.ContainerBase.[Tomcat].[localhost].[/]] Initializing Spring embedded WebApplicationContext
[2024-12-11 17:22:59 INFO restartedMain] [org.springframework.boot.web.servlet.context.ServletWebServerApplicationContext] Root WebApplicationContext: initialization completed in 212 ms
[2024-12-11 17:22:59 INFO restartedMain] [com.green.greengram.common.MyFileUtils] MyFileUtils - 생성자: D:\BHB\download\greengram_ver3
[2024-12-11 17:22:59 INFO restartedMain] [com.zaxxer.hikari.HikariDataSource] HikariPool-2 - Starting...
[2024-12-11 17:22:59 INFO restartedMain] [com.zaxxer.hikari.pool.HikariPool] HikariPool-2 - Added connection net.sf.log4jdbc.sql.jdbcapi.ConnectionSpy@7d586155
[2024-12-11 17:22:59 INFO restartedMain] [com.zaxxer.hikari.HikariDataSource] HikariPool-2 - Start completed.
[2024-12-11 17:22:59 INFO restartedMain] [org.springframework.boot.autoconfigure.web.servlet.WelcomePageHandlerMapping] Adding welcome page: class path resource [static/index.html]
[2024-12-11 17:22:59 INFO restartedMain] [org.springframework.boot.devtools.autoconfigure.OptionalLiveReloadServer] LiveReload server is running on port 35729
[2024-12-11 17:22:59 INFO restartedMain] [org.apache.coyote.http11.Http11NioProtocol] Starting ProtocolHandler ["http-nio-8080"]
[2024-12-11 17:22:59 INFO restartedMain] [org.springframework.boot.web.embedded.tomcat.TomcatWebServer] Tomcat started on port 8080 (http) with context path '/'
[2024-12-11 17:22:59 INFO restartedMain] [com.green.greengram.GreenGramApplication] Started GreenGramVer3Application in 0.416 seconds (process running for 1379.041)
[2024-12-11 17:22:59 INFO restartedMain] [org.springframework.boot.devtools.autoconfigure.ConditionEvaluationDeltaLoggingListener] Condition evaluation unchanged
[2024-12-11 17:30:24 INFO SpringApplicationShutdownHook] [com.zaxxer.hikari.HikariDataSource] HikariPool-2 - Shutdown initiated...
[2024-12-11 17:30:24 INFO SpringApplicationShutdownHook] [com.zaxxer.hikari.HikariDataSource] HikariPool-2 - Shutdown completed.
