[2024-12-18 11:59:50 INFO restartedMain] [com.green.greengram.GreenGramApplication] Starting GreenGramApplication using Java 17.0.12 with PID 300 (D:\BHB\GreenGramSecurity\build\classes\java\main started by Administrator in D:\BHB\GreenGramSecurity)
[2024-12-18 11:59:50 INFO restartedMain] [com.green.greengram.GreenGramApplication] No active profile set, falling back to 1 default profile: "default"
[2024-12-18 11:59:50 INFO restartedMain] [org.springframework.boot.devtools.env.DevToolsPropertyDefaultsPostProcessor] Devtools property defaults active! Set 'spring.devtools.add-properties' to 'false' to disable
[2024-12-18 11:59:50 INFO restartedMain] [org.springframework.boot.devtools.env.DevToolsPropertyDefaultsPostProcessor] For additional web related logging consider setting the 'logging.level.web' property to 'DEBUG'
[2024-12-18 11:59:51 INFO restartedMain] [org.springframework.boot.web.embedded.tomcat.TomcatWebServer] Tomcat initialized with port 8080 (http)
[2024-12-18 11:59:51 INFO restartedMain] [org.apache.coyote.http11.Http11NioProtocol] Initializing ProtocolHandler ["http-nio-8080"]
[2024-12-18 11:59:51 INFO restartedMain] [org.apache.catalina.core.StandardService] Starting service [Tomcat]
[2024-12-18 11:59:51 INFO restartedMain] [org.apache.catalina.core.StandardEngine] Starting Servlet engine: [Apache Tomcat/10.1.33]
[2024-12-18 11:59:51 INFO restartedMain] [org.apache.catalina.core.ContainerBase.[Tomcat].[localhost].[/]] Initializing Spring embedded WebApplicationContext
[2024-12-18 11:59:51 INFO restartedMain] [org.springframework.boot.web.servlet.context.ServletWebServerApplicationContext] Root WebApplicationContext: initialization completed in 969 ms
[2024-12-18 11:59:51 INFO restartedMain] [com.green.greengram.common.MyFileUtils] MyFileUtils - 생성자: D:\BHB\download\greengram_ver3
[2024-12-18 11:59:51 INFO restartedMain] [com.zaxxer.hikari.HikariDataSource] HikariPool-1 - Starting...
[2024-12-18 11:59:51 INFO restartedMain] [com.zaxxer.hikari.pool.HikariPool] HikariPool-1 - Added connection net.sf.log4jdbc.sql.jdbcapi.ConnectionSpy@41fcfd15
[2024-12-18 11:59:51 INFO restartedMain] [com.zaxxer.hikari.HikariDataSource] HikariPool-1 - Start completed.
[2024-12-18 11:59:52 WARN restartedMain] [org.springframework.boot.autoconfigure.security.servlet.UserDetailsServiceAutoConfiguration] 

Using generated security password: b44326d7-5ab3-4284-906e-a24d90b4873f

This generated password is for development use only. Your security configuration must be updated before running your application in production.

[2024-12-18 11:59:52 INFO restartedMain] [org.springframework.security.config.annotation.authentication.configuration.InitializeUserDetailsBeanManagerConfigurer$InitializeUserDetailsManagerConfigurer] Global AuthenticationManager configured with UserDetailsService bean with name inMemoryUserDetailsManager
[2024-12-18 11:59:52 INFO restartedMain] [org.springframework.boot.autoconfigure.web.servlet.WelcomePageHandlerMapping] Adding welcome page: class path resource [static/index.html]
[2024-12-18 11:59:52 INFO restartedMain] [org.springframework.boot.devtools.autoconfigure.OptionalLiveReloadServer] LiveReload server is running on port 35729
[2024-12-18 11:59:52 INFO restartedMain] [org.apache.coyote.http11.Http11NioProtocol] Starting ProtocolHandler ["http-nio-8080"]
[2024-12-18 11:59:52 INFO restartedMain] [org.springframework.boot.web.embedded.tomcat.TomcatWebServer] Tomcat started on port 8080 (http) with context path '/'
[2024-12-18 11:59:52 INFO restartedMain] [com.green.greengram.GreenGramApplication] Started GreenGramApplication in 2.186 seconds (process running for 2.627)
[2024-12-18 12:00:25 INFO http-nio-8080-exec-1] [org.apache.catalina.core.ContainerBase.[Tomcat].[localhost].[/]] Initializing Spring DispatcherServlet 'dispatcherServlet'
[2024-12-18 12:00:25 INFO http-nio-8080-exec-1] [org.springframework.web.servlet.DispatcherServlet] Initializing Servlet 'dispatcherServlet'
[2024-12-18 12:00:25 INFO http-nio-8080-exec-1] [org.springframework.web.servlet.DispatcherServlet] Completed initialization in 0 ms
[2024-12-18 12:03:29 INFO http-nio-8080-exec-5] [org.springdoc.api.AbstractOpenApiResource] Init duration for springdoc-openapi is: 217 ms
[2024-12-18 12:03:54 DEBUGhttp-nio-8080-exec-10] [jdbc.sqltiming]  com.zaxxer.hikari.pool.ProxyPreparedStatement.execute(ProxyPreparedStatement.java:44)
1. SELECT user_id AS userId
             , IFNULL(nick_name, uid) AS nickName
             , pic, upw
          FROM user
         WHERE uid = '123456'
 {executed in 8 msec}
[2024-12-18 12:03:54 INFO http-nio-8080-exec-10] [jdbc.resultsettable] 
|--------|---------|-----------------------------------------|-------------------------------------------------------------|
|user_id |nickname |pic                                      |upw                                                          |
|--------|---------|-----------------------------------------|-------------------------------------------------------------|
|1       |123456   |6e1da108-55b7-47ba-891d-b621ca3f24a0.jpg |$2a$10$HVKJHBG1Y84PZoKHh2LWSeEj5fUpndTfiNwEGZN1M2PmlyY3/S5zS |
|--------|---------|-----------------------------------------|-------------------------------------------------------------|

[2024-12-18 12:11:37 INFO SpringApplicationShutdownHook] [com.zaxxer.hikari.HikariDataSource] HikariPool-1 - Shutdown initiated...
[2024-12-18 12:11:37 INFO SpringApplicationShutdownHook] [com.zaxxer.hikari.HikariDataSource] HikariPool-1 - Shutdown completed.
[2024-12-18 12:11:40 INFO restartedMain] [com.green.greengram.GreenGramApplication] Starting GreenGramApplication using Java 17.0.12 with PID 9320 (D:\BHB\GreenGramSecurity\build\classes\java\main started by Administrator in D:\BHB\GreenGramSecurity)
[2024-12-18 12:11:40 INFO restartedMain] [com.green.greengram.GreenGramApplication] No active profile set, falling back to 1 default profile: "default"
[2024-12-18 12:11:40 INFO restartedMain] [org.springframework.boot.devtools.env.DevToolsPropertyDefaultsPostProcessor] Devtools property defaults active! Set 'spring.devtools.add-properties' to 'false' to disable
[2024-12-18 12:11:40 INFO restartedMain] [org.springframework.boot.devtools.env.DevToolsPropertyDefaultsPostProcessor] For additional web related logging consider setting the 'logging.level.web' property to 'DEBUG'
[2024-12-18 12:11:40 INFO restartedMain] [org.springframework.boot.web.embedded.tomcat.TomcatWebServer] Tomcat initialized with port 8080 (http)
[2024-12-18 12:11:40 INFO restartedMain] [org.apache.coyote.http11.Http11NioProtocol] Initializing ProtocolHandler ["http-nio-8080"]
[2024-12-18 12:11:40 INFO restartedMain] [org.apache.catalina.core.StandardService] Starting service [Tomcat]
[2024-12-18 12:11:40 INFO restartedMain] [org.apache.catalina.core.StandardEngine] Starting Servlet engine: [Apache Tomcat/10.1.33]
[2024-12-18 12:11:41 INFO restartedMain] [org.apache.catalina.core.ContainerBase.[Tomcat].[localhost].[/]] Initializing Spring embedded WebApplicationContext
[2024-12-18 12:11:41 INFO restartedMain] [org.springframework.boot.web.servlet.context.ServletWebServerApplicationContext] Root WebApplicationContext: initialization completed in 865 ms
[2024-12-18 12:11:41 INFO restartedMain] [com.green.greengram.common.MyFileUtils] MyFileUtils - 생성자: D:\BHB\download\greengram_ver3
[2024-12-18 12:11:41 INFO restartedMain] [com.zaxxer.hikari.HikariDataSource] HikariPool-1 - Starting...
[2024-12-18 12:11:41 INFO restartedMain] [com.zaxxer.hikari.pool.HikariPool] HikariPool-1 - Added connection net.sf.log4jdbc.sql.jdbcapi.ConnectionSpy@5a47e878
[2024-12-18 12:11:41 INFO restartedMain] [com.zaxxer.hikari.HikariDataSource] HikariPool-1 - Start completed.
[2024-12-18 12:11:41 WARN restartedMain] [org.springframework.boot.autoconfigure.security.servlet.UserDetailsServiceAutoConfiguration] 

Using generated security password: fd3063cb-a722-46f5-b47a-96b865ef4edb

This generated password is for development use only. Your security configuration must be updated before running your application in production.

[2024-12-18 12:11:41 INFO restartedMain] [org.springframework.security.config.annotation.authentication.configuration.InitializeUserDetailsBeanManagerConfigurer$InitializeUserDetailsManagerConfigurer] Global AuthenticationManager configured with UserDetailsService bean with name inMemoryUserDetailsManager
[2024-12-18 12:11:41 INFO restartedMain] [org.springframework.boot.autoconfigure.web.servlet.WelcomePageHandlerMapping] Adding welcome page: class path resource [static/index.html]
[2024-12-18 12:11:41 INFO restartedMain] [org.springframework.boot.devtools.autoconfigure.OptionalLiveReloadServer] LiveReload server is running on port 35729
[2024-12-18 12:11:41 INFO restartedMain] [org.apache.coyote.http11.Http11NioProtocol] Starting ProtocolHandler ["http-nio-8080"]
[2024-12-18 12:11:41 INFO restartedMain] [org.springframework.boot.web.embedded.tomcat.TomcatWebServer] Tomcat started on port 8080 (http) with context path '/'
[2024-12-18 12:11:41 INFO restartedMain] [com.green.greengram.GreenGramApplication] Started GreenGramApplication in 1.949 seconds (process running for 2.331)
[2024-12-18 12:11:47 INFO http-nio-8080-exec-1] [org.apache.catalina.core.ContainerBase.[Tomcat].[localhost].[/]] Initializing Spring DispatcherServlet 'dispatcherServlet'
[2024-12-18 12:11:47 INFO http-nio-8080-exec-1] [org.springframework.web.servlet.DispatcherServlet] Initializing Servlet 'dispatcherServlet'
[2024-12-18 12:11:47 INFO http-nio-8080-exec-1] [org.springframework.web.servlet.DispatcherServlet] Completed initialization in 1 ms
[2024-12-18 12:11:47 DEBUGhttp-nio-8080-exec-1] [jdbc.sqltiming]  com.zaxxer.hikari.pool.ProxyPreparedStatement.execute(ProxyPreparedStatement.java:44)
1. SELECT user_id AS userId
             , IFNULL(nick_name, uid) AS nickName
             , pic, upw
          FROM user
         WHERE uid = '123456'
 {executed in 0 msec}
[2024-12-18 12:11:47 INFO http-nio-8080-exec-1] [jdbc.resultsettable] 
|--------|---------|-----------------------------------------|-------------------------------------------------------------|
|user_id |nickname |pic                                      |upw                                                          |
|--------|---------|-----------------------------------------|-------------------------------------------------------------|
|1       |123456   |6e1da108-55b7-47ba-891d-b621ca3f24a0.jpg |$2a$10$HVKJHBG1Y84PZoKHh2LWSeEj5fUpndTfiNwEGZN1M2PmlyY3/S5zS |
|--------|---------|-----------------------------------------|-------------------------------------------------------------|

[2024-12-18 12:12:23 DEBUGhttp-nio-8080-exec-3] [jdbc.sqltiming]  com.zaxxer.hikari.pool.ProxyPreparedStatement.execute(ProxyPreparedStatement.java:44)
1. SELECT user_id AS userId
             , IFNULL(nick_name, uid) AS nickName
             , pic, upw
          FROM user
         WHERE uid = '123456'
 {executed in 1 msec}
[2024-12-18 12:12:23 INFO http-nio-8080-exec-3] [jdbc.resultsettable] 
|--------|---------|-----------------------------------------|-------------------------------------------------------------|
|user_id |nickname |pic                                      |upw                                                          |
|--------|---------|-----------------------------------------|-------------------------------------------------------------|
|1       |123456   |6e1da108-55b7-47ba-891d-b621ca3f24a0.jpg |$2a$10$HVKJHBG1Y84PZoKHh2LWSeEj5fUpndTfiNwEGZN1M2PmlyY3/S5zS |
|--------|---------|-----------------------------------------|-------------------------------------------------------------|

[2024-12-18 12:12:35 INFO http-nio-8080-exec-3] [org.springdoc.api.AbstractOpenApiResource] Init duration for springdoc-openapi is: 192 ms
[2024-12-18 12:12:48 DEBUGhttp-nio-8080-exec-6] [jdbc.sqltiming]  com.zaxxer.hikari.pool.ProxyPreparedStatement.execute(ProxyPreparedStatement.java:44)
1. SELECT user_id AS userId
             , IFNULL(nick_name, uid) AS nickName
             , pic, upw
          FROM user
         WHERE uid = '123456'
 {executed in 0 msec}
[2024-12-18 12:12:48 INFO http-nio-8080-exec-6] [jdbc.resultsettable] 
|--------|---------|-----------------------------------------|-------------------------------------------------------------|
|user_id |nickname |pic                                      |upw                                                          |
|--------|---------|-----------------------------------------|-------------------------------------------------------------|
|1       |123456   |6e1da108-55b7-47ba-891d-b621ca3f24a0.jpg |$2a$10$HVKJHBG1Y84PZoKHh2LWSeEj5fUpndTfiNwEGZN1M2PmlyY3/S5zS |
|--------|---------|-----------------------------------------|-------------------------------------------------------------|

[2024-12-18 12:13:51 DEBUGhttp-nio-8080-exec-2] [jdbc.sqltiming]  com.zaxxer.hikari.pool.ProxyPreparedStatement.execute(ProxyPreparedStatement.java:44)
1. SELECT user_id AS userId
             , IFNULL(nick_name, uid) AS nickName
             , pic, upw
          FROM user
         WHERE uid = '123456'
 {executed in 0 msec}
[2024-12-18 12:13:51 INFO http-nio-8080-exec-2] [jdbc.resultsettable] 
|--------|---------|-----------------------------------------|-------------------------------------------------------------|
|user_id |nickname |pic                                      |upw                                                          |
|--------|---------|-----------------------------------------|-------------------------------------------------------------|
|1       |123456   |6e1da108-55b7-47ba-891d-b621ca3f24a0.jpg |$2a$10$HVKJHBG1Y84PZoKHh2LWSeEj5fUpndTfiNwEGZN1M2PmlyY3/S5zS |
|--------|---------|-----------------------------------------|-------------------------------------------------------------|

[2024-12-18 12:13:51 INFO File Watcher] [org.springframework.boot.devtools.autoconfigure.LocalDevToolsAutoConfiguration$RestartingClassPathChangeChangedEventListener] Restarting due to 2 class path changes (0 additions, 0 deletions, 2 modifications)
[2024-12-18 12:13:51 INFO Thread-5] [org.apache.coyote.http11.Http11NioProtocol] Stopping ProtocolHandler ["http-nio-8080"]
[2024-12-18 12:13:51 INFO Thread-5] [com.zaxxer.hikari.HikariDataSource] HikariPool-1 - Shutdown initiated...
[2024-12-18 12:13:51 INFO Thread-5] [com.zaxxer.hikari.HikariDataSource] HikariPool-1 - Shutdown completed.
[2024-12-18 12:13:51 INFO restartedMain] [com.green.greengram.GreenGramApplication] Starting GreenGramApplication using Java 17.0.12 with PID 9320 (D:\BHB\GreenGramSecurity\build\classes\java\main started by Administrator in D:\BHB\GreenGramSecurity)
[2024-12-18 12:13:51 INFO restartedMain] [com.green.greengram.GreenGramApplication] No active profile set, falling back to 1 default profile: "default"
[2024-12-18 12:13:52 INFO restartedMain] [org.springframework.boot.web.embedded.tomcat.TomcatWebServer] Tomcat initialized with port 8080 (http)
[2024-12-18 12:13:52 INFO restartedMain] [org.apache.coyote.http11.Http11NioProtocol] Initializing ProtocolHandler ["http-nio-8080"]
[2024-12-18 12:13:52 INFO restartedMain] [org.apache.catalina.core.StandardService] Starting service [Tomcat]
[2024-12-18 12:13:52 INFO restartedMain] [org.apache.catalina.core.StandardEngine] Starting Servlet engine: [Apache Tomcat/10.1.33]
[2024-12-18 12:13:52 INFO restartedMain] [org.apache.catalina.core.ContainerBase.[Tomcat].[localhost].[/]] Initializing Spring embedded WebApplicationContext
[2024-12-18 12:13:52 INFO restartedMain] [org.springframework.boot.web.servlet.context.ServletWebServerApplicationContext] Root WebApplicationContext: initialization completed in 216 ms
[2024-12-18 12:13:52 INFO restartedMain] [com.green.greengram.common.MyFileUtils] MyFileUtils - 생성자: D:\BHB\download\greengram_ver3
[2024-12-18 12:13:52 INFO restartedMain] [com.zaxxer.hikari.HikariDataSource] HikariPool-2 - Starting...
[2024-12-18 12:13:52 INFO restartedMain] [com.zaxxer.hikari.pool.HikariPool] HikariPool-2 - Added connection net.sf.log4jdbc.sql.jdbcapi.ConnectionSpy@22f6ed7b
[2024-12-18 12:13:52 INFO restartedMain] [com.zaxxer.hikari.HikariDataSource] HikariPool-2 - Start completed.
[2024-12-18 12:13:52 WARN restartedMain] [org.springframework.boot.autoconfigure.security.servlet.UserDetailsServiceAutoConfiguration] 

Using generated security password: 38386e9d-852e-47fa-9ad1-b73aec529e08

This generated password is for development use only. Your security configuration must be updated before running your application in production.

[2024-12-18 12:13:52 INFO restartedMain] [org.springframework.security.config.annotation.authentication.configuration.InitializeUserDetailsBeanManagerConfigurer$InitializeUserDetailsManagerConfigurer] Global AuthenticationManager configured with UserDetailsService bean with name inMemoryUserDetailsManager
[2024-12-18 12:13:52 INFO restartedMain] [org.springframework.boot.autoconfigure.web.servlet.WelcomePageHandlerMapping] Adding welcome page: class path resource [static/index.html]
[2024-12-18 12:13:52 INFO restartedMain] [org.springframework.boot.devtools.autoconfigure.OptionalLiveReloadServer] LiveReload server is running on port 35729
[2024-12-18 12:13:52 INFO restartedMain] [org.apache.coyote.http11.Http11NioProtocol] Starting ProtocolHandler ["http-nio-8080"]
[2024-12-18 12:13:52 INFO restartedMain] [org.springframework.boot.web.embedded.tomcat.TomcatWebServer] Tomcat started on port 8080 (http) with context path '/'
[2024-12-18 12:13:52 INFO restartedMain] [com.green.greengram.GreenGramApplication] Started GreenGramApplication in 0.41 seconds (process running for 132.85)
[2024-12-18 12:13:52 INFO restartedMain] [org.springframework.boot.devtools.autoconfigure.ConditionEvaluationDeltaLoggingListener] Condition evaluation unchanged
[2024-12-18 12:15:40 INFO http-nio-8080-exec-1] [org.apache.catalina.core.ContainerBase.[Tomcat].[localhost].[/]] Initializing Spring DispatcherServlet 'dispatcherServlet'
[2024-12-18 12:15:40 INFO http-nio-8080-exec-1] [org.springframework.web.servlet.DispatcherServlet] Initializing Servlet 'dispatcherServlet'
[2024-12-18 12:15:40 INFO http-nio-8080-exec-1] [org.springframework.web.servlet.DispatcherServlet] Completed initialization in 0 ms
[2024-12-18 12:15:40 INFO http-nio-8080-exec-1] [com.green.greengram.user.UserService] refreshToken: eyJ0eXAiOiJKV1QiLCJhbGciOiJIUzI1NiJ9.eyJpc3MiOiJncmVlbkBncmVlbi5rciIsImlhdCI6MTczNDQ5MTYzMSwiZXhwIjoxNzM1Nzg3NjMxLCJzaWduZWRVc2VyIjoie1wic2lnbmVkVXNlcklkXCI6MSxcInJvbGVzXCI6W1wiUk9MRV9VU0VSXCIsXCJST0xFX0FETUlOXCJdfSJ9.qp4W7OsJTQqGAHVaapceC4Dpds0DQ5S6ruSdwSXB7gs
[2024-12-18 12:52:07 INFO File Watcher] [org.springframework.boot.devtools.autoconfigure.LocalDevToolsAutoConfiguration$RestartingClassPathChangeChangedEventListener] Restarting due to 4 class path changes (0 additions, 0 deletions, 4 modifications)
[2024-12-18 12:52:07 INFO Thread-7] [org.apache.coyote.http11.Http11NioProtocol] Stopping ProtocolHandler ["http-nio-8080"]
[2024-12-18 12:52:07 INFO Thread-7] [com.zaxxer.hikari.HikariDataSource] HikariPool-2 - Shutdown initiated...
[2024-12-18 12:52:07 INFO Thread-7] [com.zaxxer.hikari.HikariDataSource] HikariPool-2 - Shutdown completed.
[2024-12-18 12:52:07 INFO restartedMain] [com.green.greengram.GreenGramApplication] Starting GreenGramApplication using Java 17.0.12 with PID 9320 (D:\BHB\GreenGramSecurity\build\classes\java\main started by Administrator in D:\BHB\GreenGramSecurity)
[2024-12-18 12:52:07 INFO restartedMain] [com.green.greengram.GreenGramApplication] No active profile set, falling back to 1 default profile: "default"
[2024-12-18 12:52:07 INFO restartedMain] [org.springframework.boot.web.embedded.tomcat.TomcatWebServer] Tomcat initialized with port 8080 (http)
[2024-12-18 12:52:07 INFO restartedMain] [org.apache.coyote.http11.Http11NioProtocol] Initializing ProtocolHandler ["http-nio-8080"]
[2024-12-18 12:52:07 INFO restartedMain] [org.apache.catalina.core.StandardService] Starting service [Tomcat]
[2024-12-18 12:52:07 INFO restartedMain] [org.apache.catalina.core.StandardEngine] Starting Servlet engine: [Apache Tomcat/10.1.33]
[2024-12-18 12:52:07 INFO restartedMain] [org.apache.catalina.core.ContainerBase.[Tomcat].[localhost].[/]] Initializing Spring embedded WebApplicationContext
[2024-12-18 12:52:07 INFO restartedMain] [org.springframework.boot.web.servlet.context.ServletWebServerApplicationContext] Root WebApplicationContext: initialization completed in 234 ms
[2024-12-18 12:52:07 INFO restartedMain] [com.green.greengram.common.MyFileUtils] MyFileUtils - 생성자: D:\BHB\download\greengram_ver3
[2024-12-18 12:52:07 INFO restartedMain] [com.zaxxer.hikari.HikariDataSource] HikariPool-3 - Starting...
[2024-12-18 12:52:07 INFO restartedMain] [com.zaxxer.hikari.pool.HikariPool] HikariPool-3 - Added connection net.sf.log4jdbc.sql.jdbcapi.ConnectionSpy@67764d36
[2024-12-18 12:52:07 INFO restartedMain] [com.zaxxer.hikari.HikariDataSource] HikariPool-3 - Start completed.
[2024-12-18 12:52:07 WARN restartedMain] [org.springframework.boot.autoconfigure.security.servlet.UserDetailsServiceAutoConfiguration] 

Using generated security password: d396bfc0-0d40-4b01-8fbf-b04c8d45d925

This generated password is for development use only. Your security configuration must be updated before running your application in production.

[2024-12-18 12:52:07 INFO restartedMain] [org.springframework.security.config.annotation.authentication.configuration.InitializeUserDetailsBeanManagerConfigurer$InitializeUserDetailsManagerConfigurer] Global AuthenticationManager configured with UserDetailsService bean with name inMemoryUserDetailsManager
[2024-12-18 12:52:07 INFO restartedMain] [org.springframework.boot.autoconfigure.web.servlet.WelcomePageHandlerMapping] Adding welcome page: class path resource [static/index.html]
[2024-12-18 12:52:08 INFO restartedMain] [org.springframework.boot.devtools.autoconfigure.OptionalLiveReloadServer] LiveReload server is running on port 35729
[2024-12-18 12:52:08 INFO restartedMain] [org.apache.coyote.http11.Http11NioProtocol] Starting ProtocolHandler ["http-nio-8080"]
[2024-12-18 12:52:08 INFO restartedMain] [org.springframework.boot.web.embedded.tomcat.TomcatWebServer] Tomcat started on port 8080 (http) with context path '/'
[2024-12-18 12:52:08 INFO restartedMain] [com.green.greengram.GreenGramApplication] Started GreenGramApplication in 0.408 seconds (process running for 2428.692)
[2024-12-18 12:52:08 INFO restartedMain] [org.springframework.boot.devtools.autoconfigure.ConditionEvaluationDeltaLoggingListener] Condition evaluation unchanged
[2024-12-18 12:52:27 INFO SpringApplicationShutdownHook] [com.zaxxer.hikari.HikariDataSource] HikariPool-3 - Shutdown initiated...
[2024-12-18 12:52:27 INFO SpringApplicationShutdownHook] [com.zaxxer.hikari.HikariDataSource] HikariPool-3 - Shutdown completed.
[2024-12-18 12:52:29 INFO restartedMain] [com.green.greengram.GreenGramApplication] Starting GreenGramApplication using Java 17.0.12 with PID 9448 (D:\BHB\GreenGramSecurity\build\classes\java\main started by Administrator in D:\BHB\GreenGramSecurity)
[2024-12-18 12:52:29 INFO restartedMain] [com.green.greengram.GreenGramApplication] No active profile set, falling back to 1 default profile: "default"
[2024-12-18 12:52:29 INFO restartedMain] [org.springframework.boot.devtools.env.DevToolsPropertyDefaultsPostProcessor] Devtools property defaults active! Set 'spring.devtools.add-properties' to 'false' to disable
[2024-12-18 12:52:29 INFO restartedMain] [org.springframework.boot.devtools.env.DevToolsPropertyDefaultsPostProcessor] For additional web related logging consider setting the 'logging.level.web' property to 'DEBUG'
[2024-12-18 12:52:30 INFO restartedMain] [org.springframework.boot.web.embedded.tomcat.TomcatWebServer] Tomcat initialized with port 8080 (http)
[2024-12-18 12:52:30 INFO restartedMain] [org.apache.coyote.http11.Http11NioProtocol] Initializing ProtocolHandler ["http-nio-8080"]
[2024-12-18 12:52:30 INFO restartedMain] [org.apache.catalina.core.StandardService] Starting service [Tomcat]
[2024-12-18 12:52:30 INFO restartedMain] [org.apache.catalina.core.StandardEngine] Starting Servlet engine: [Apache Tomcat/10.1.33]
[2024-12-18 12:52:30 INFO restartedMain] [org.apache.catalina.core.ContainerBase.[Tomcat].[localhost].[/]] Initializing Spring embedded WebApplicationContext
[2024-12-18 12:52:30 INFO restartedMain] [org.springframework.boot.web.servlet.context.ServletWebServerApplicationContext] Root WebApplicationContext: initialization completed in 838 ms
[2024-12-18 12:52:30 INFO restartedMain] [com.green.greengram.common.MyFileUtils] MyFileUtils - 생성자: D:\BHB\download\greengram_ver3
[2024-12-18 12:52:30 INFO restartedMain] [com.zaxxer.hikari.HikariDataSource] HikariPool-1 - Starting...
[2024-12-18 12:52:30 INFO restartedMain] [com.zaxxer.hikari.pool.HikariPool] HikariPool-1 - Added connection net.sf.log4jdbc.sql.jdbcapi.ConnectionSpy@748e48c5
[2024-12-18 12:52:30 INFO restartedMain] [com.zaxxer.hikari.HikariDataSource] HikariPool-1 - Start completed.
[2024-12-18 12:52:30 WARN restartedMain] [org.springframework.boot.autoconfigure.security.servlet.UserDetailsServiceAutoConfiguration] 

Using generated security password: 7133dfb1-de0a-41fb-95e5-17cc9d785192

This generated password is for development use only. Your security configuration must be updated before running your application in production.

[2024-12-18 12:52:30 INFO restartedMain] [org.springframework.security.config.annotation.authentication.configuration.InitializeUserDetailsBeanManagerConfigurer$InitializeUserDetailsManagerConfigurer] Global AuthenticationManager configured with UserDetailsService bean with name inMemoryUserDetailsManager
[2024-12-18 12:52:30 INFO restartedMain] [org.springframework.boot.autoconfigure.web.servlet.WelcomePageHandlerMapping] Adding welcome page: class path resource [static/index.html]
[2024-12-18 12:52:31 INFO restartedMain] [org.springframework.boot.devtools.autoconfigure.OptionalLiveReloadServer] LiveReload server is running on port 35729
[2024-12-18 12:52:31 INFO restartedMain] [org.apache.coyote.http11.Http11NioProtocol] Starting ProtocolHandler ["http-nio-8080"]
[2024-12-18 12:52:31 INFO restartedMain] [org.springframework.boot.web.embedded.tomcat.TomcatWebServer] Tomcat started on port 8080 (http) with context path '/'
[2024-12-18 12:52:31 INFO restartedMain] [com.green.greengram.GreenGramApplication] Started GreenGramApplication in 1.916 seconds (process running for 2.28)
[2024-12-18 12:52:40 INFO http-nio-8080-exec-1] [org.apache.catalina.core.ContainerBase.[Tomcat].[localhost].[/]] Initializing Spring DispatcherServlet 'dispatcherServlet'
[2024-12-18 12:52:40 INFO http-nio-8080-exec-1] [org.springframework.web.servlet.DispatcherServlet] Initializing Servlet 'dispatcherServlet'
[2024-12-18 12:52:40 INFO http-nio-8080-exec-1] [org.springframework.web.servlet.DispatcherServlet] Completed initialization in 0 ms
[2024-12-18 12:52:41 DEBUGhttp-nio-8080-exec-1] [jdbc.sqltiming]  com.zaxxer.hikari.pool.ProxyPreparedStatement.execute(ProxyPreparedStatement.java:44)
1. SELECT user_id AS userId
             , IFNULL(nick_name, uid) AS nickName
             , pic, upw
          FROM user
         WHERE uid = '123456'
 {executed in 0 msec}
[2024-12-18 12:52:41 INFO http-nio-8080-exec-1] [jdbc.resultsettable] 
|--------|---------|-----------------------------------------|-------------------------------------------------------------|
|user_id |nickname |pic                                      |upw                                                          |
|--------|---------|-----------------------------------------|-------------------------------------------------------------|
|1       |123456   |6e1da108-55b7-47ba-891d-b621ca3f24a0.jpg |$2a$10$HVKJHBG1Y84PZoKHh2LWSeEj5fUpndTfiNwEGZN1M2PmlyY3/S5zS |
|--------|---------|-----------------------------------------|-------------------------------------------------------------|

[2024-12-18 12:53:10 DEBUGhttp-nio-8080-exec-2] [jdbc.sqltiming]  com.zaxxer.hikari.pool.ProxyPreparedStatement.execute(ProxyPreparedStatement.java:44)
1. SELECT user_id AS userId
             , IFNULL(nick_name, uid) AS nickName
             , pic, upw
          FROM user
         WHERE uid = '123456'
 {executed in 0 msec}
[2024-12-18 12:53:10 INFO http-nio-8080-exec-2] [jdbc.resultsettable] 
|--------|---------|-----------------------------------------|-------------------------------------------------------------|
|user_id |nickname |pic                                      |upw                                                          |
|--------|---------|-----------------------------------------|-------------------------------------------------------------|
|1       |123456   |6e1da108-55b7-47ba-891d-b621ca3f24a0.jpg |$2a$10$HVKJHBG1Y84PZoKHh2LWSeEj5fUpndTfiNwEGZN1M2PmlyY3/S5zS |
|--------|---------|-----------------------------------------|-------------------------------------------------------------|

[2024-12-18 12:53:12 DEBUGhttp-nio-8080-exec-7] [jdbc.sqltiming]  com.zaxxer.hikari.pool.ProxyPreparedStatement.execute(ProxyPreparedStatement.java:44)
1. SELECT user_id AS userId
             , IFNULL(nick_name, uid) AS nickName
             , pic, upw
          FROM user
         WHERE uid = '123456'
 {executed in 0 msec}
[2024-12-18 12:53:12 INFO http-nio-8080-exec-7] [jdbc.resultsettable] 
|--------|---------|-----------------------------------------|-------------------------------------------------------------|
|user_id |nickname |pic                                      |upw                                                          |
|--------|---------|-----------------------------------------|-------------------------------------------------------------|
|1       |123456   |6e1da108-55b7-47ba-891d-b621ca3f24a0.jpg |$2a$10$HVKJHBG1Y84PZoKHh2LWSeEj5fUpndTfiNwEGZN1M2PmlyY3/S5zS |
|--------|---------|-----------------------------------------|-------------------------------------------------------------|

[2024-12-18 12:53:19 DEBUGhttp-nio-8080-exec-10] [jdbc.sqltiming]  com.zaxxer.hikari.pool.ProxyPreparedStatement.execute(ProxyPreparedStatement.java:44)
1. SELECT user_id AS userId
             , IFNULL(nick_name, uid) AS nickName
             , pic, upw
          FROM user
         WHERE uid = '123456'
 {executed in 0 msec}
[2024-12-18 12:53:19 INFO http-nio-8080-exec-10] [jdbc.resultsettable] 
|--------|---------|-----------------------------------------|-------------------------------------------------------------|
|user_id |nickname |pic                                      |upw                                                          |
|--------|---------|-----------------------------------------|-------------------------------------------------------------|
|1       |123456   |6e1da108-55b7-47ba-891d-b621ca3f24a0.jpg |$2a$10$HVKJHBG1Y84PZoKHh2LWSeEj5fUpndTfiNwEGZN1M2PmlyY3/S5zS |
|--------|---------|-----------------------------------------|-------------------------------------------------------------|

[2024-12-18 12:53:20 DEBUGhttp-nio-8080-exec-5] [jdbc.sqltiming]  com.zaxxer.hikari.pool.ProxyPreparedStatement.execute(ProxyPreparedStatement.java:44)
1. SELECT user_id AS userId
             , IFNULL(nick_name, uid) AS nickName
             , pic, upw
          FROM user
         WHERE uid = '123456'
 {executed in 0 msec}
[2024-12-18 12:53:20 INFO http-nio-8080-exec-5] [jdbc.resultsettable] 
|--------|---------|-----------------------------------------|-------------------------------------------------------------|
|user_id |nickname |pic                                      |upw                                                          |
|--------|---------|-----------------------------------------|-------------------------------------------------------------|
|1       |123456   |6e1da108-55b7-47ba-891d-b621ca3f24a0.jpg |$2a$10$HVKJHBG1Y84PZoKHh2LWSeEj5fUpndTfiNwEGZN1M2PmlyY3/S5zS |
|--------|---------|-----------------------------------------|-------------------------------------------------------------|

[2024-12-18 12:53:20 DEBUGhttp-nio-8080-exec-6] [jdbc.sqltiming]  com.zaxxer.hikari.pool.ProxyPreparedStatement.execute(ProxyPreparedStatement.java:44)
1. SELECT user_id AS userId
             , IFNULL(nick_name, uid) AS nickName
             , pic, upw
          FROM user
         WHERE uid = '123456'
 {executed in 1 msec}
[2024-12-18 12:53:20 INFO http-nio-8080-exec-6] [jdbc.resultsettable] 
|--------|---------|-----------------------------------------|-------------------------------------------------------------|
|user_id |nickname |pic                                      |upw                                                          |
|--------|---------|-----------------------------------------|-------------------------------------------------------------|
|1       |123456   |6e1da108-55b7-47ba-891d-b621ca3f24a0.jpg |$2a$10$HVKJHBG1Y84PZoKHh2LWSeEj5fUpndTfiNwEGZN1M2PmlyY3/S5zS |
|--------|---------|-----------------------------------------|-------------------------------------------------------------|

[2024-12-18 12:53:21 DEBUGhttp-nio-8080-exec-3] [jdbc.sqltiming]  com.zaxxer.hikari.pool.ProxyPreparedStatement.execute(ProxyPreparedStatement.java:44)
1. SELECT user_id AS userId
             , IFNULL(nick_name, uid) AS nickName
             , pic, upw
          FROM user
         WHERE uid = '123456'
 {executed in 0 msec}
[2024-12-18 12:53:21 INFO http-nio-8080-exec-3] [jdbc.resultsettable] 
|--------|---------|-----------------------------------------|-------------------------------------------------------------|
|user_id |nickname |pic                                      |upw                                                          |
|--------|---------|-----------------------------------------|-------------------------------------------------------------|
|1       |123456   |6e1da108-55b7-47ba-891d-b621ca3f24a0.jpg |$2a$10$HVKJHBG1Y84PZoKHh2LWSeEj5fUpndTfiNwEGZN1M2PmlyY3/S5zS |
|--------|---------|-----------------------------------------|-------------------------------------------------------------|

[2024-12-18 12:53:31 DEBUGhttp-nio-8080-exec-8] [jdbc.sqltiming]  com.zaxxer.hikari.pool.ProxyPreparedStatement.execute(ProxyPreparedStatement.java:44)
1. SELECT user_id AS userId
             , IFNULL(nick_name, uid) AS nickName
             , pic, upw
          FROM user
         WHERE uid = '123456'
 {executed in 1 msec}
[2024-12-18 12:53:31 INFO http-nio-8080-exec-8] [jdbc.resultsettable] 
|--------|---------|-----------------------------------------|-------------------------------------------------------------|
|user_id |nickname |pic                                      |upw                                                          |
|--------|---------|-----------------------------------------|-------------------------------------------------------------|
|1       |123456   |6e1da108-55b7-47ba-891d-b621ca3f24a0.jpg |$2a$10$HVKJHBG1Y84PZoKHh2LWSeEj5fUpndTfiNwEGZN1M2PmlyY3/S5zS |
|--------|---------|-----------------------------------------|-------------------------------------------------------------|

[2024-12-18 12:53:44 INFO File Watcher] [org.springframework.boot.devtools.autoconfigure.LocalDevToolsAutoConfiguration$RestartingClassPathChangeChangedEventListener] Restarting due to 4 class path changes (0 additions, 0 deletions, 4 modifications)
[2024-12-18 12:53:44 INFO Thread-5] [org.apache.coyote.http11.Http11NioProtocol] Stopping ProtocolHandler ["http-nio-8080"]
[2024-12-18 12:53:44 INFO Thread-5] [com.zaxxer.hikari.HikariDataSource] HikariPool-1 - Shutdown initiated...
[2024-12-18 12:53:44 INFO Thread-5] [com.zaxxer.hikari.HikariDataSource] HikariPool-1 - Shutdown completed.
[2024-12-18 12:53:44 INFO restartedMain] [com.green.greengram.GreenGramApplication] Starting GreenGramApplication using Java 17.0.12 with PID 9448 (D:\BHB\GreenGramSecurity\build\classes\java\main started by Administrator in D:\BHB\GreenGramSecurity)
[2024-12-18 12:53:44 INFO restartedMain] [com.green.greengram.GreenGramApplication] No active profile set, falling back to 1 default profile: "default"
[2024-12-18 12:53:44 INFO restartedMain] [org.springframework.boot.web.embedded.tomcat.TomcatWebServer] Tomcat initialized with port 8080 (http)
[2024-12-18 12:53:44 INFO restartedMain] [org.apache.coyote.http11.Http11NioProtocol] Initializing ProtocolHandler ["http-nio-8080"]
[2024-12-18 12:53:44 INFO restartedMain] [org.apache.catalina.core.StandardService] Starting service [Tomcat]
[2024-12-18 12:53:44 INFO restartedMain] [org.apache.catalina.core.StandardEngine] Starting Servlet engine: [Apache Tomcat/10.1.33]
[2024-12-18 12:53:44 INFO restartedMain] [org.apache.catalina.core.ContainerBase.[Tomcat].[localhost].[/]] Initializing Spring embedded WebApplicationContext
[2024-12-18 12:53:44 INFO restartedMain] [org.springframework.boot.web.servlet.context.ServletWebServerApplicationContext] Root WebApplicationContext: initialization completed in 229 ms
[2024-12-18 12:53:44 INFO restartedMain] [com.green.greengram.common.MyFileUtils] MyFileUtils - 생성자: D:\BHB\download\greengram_ver3
[2024-12-18 12:53:44 INFO restartedMain] [com.zaxxer.hikari.HikariDataSource] HikariPool-2 - Starting...
[2024-12-18 12:53:44 INFO restartedMain] [com.zaxxer.hikari.pool.HikariPool] HikariPool-2 - Added connection net.sf.log4jdbc.sql.jdbcapi.ConnectionSpy@7cc2e14c
[2024-12-18 12:53:44 INFO restartedMain] [com.zaxxer.hikari.HikariDataSource] HikariPool-2 - Start completed.
[2024-12-18 12:53:44 WARN restartedMain] [org.springframework.boot.autoconfigure.security.servlet.UserDetailsServiceAutoConfiguration] 

Using generated security password: 9e4f270b-aad9-4197-904c-91ea4ac69b46

This generated password is for development use only. Your security configuration must be updated before running your application in production.

[2024-12-18 12:53:44 INFO restartedMain] [org.springframework.security.config.annotation.authentication.configuration.InitializeUserDetailsBeanManagerConfigurer$InitializeUserDetailsManagerConfigurer] Global AuthenticationManager configured with UserDetailsService bean with name inMemoryUserDetailsManager
[2024-12-18 12:53:44 INFO restartedMain] [org.springframework.boot.autoconfigure.web.servlet.WelcomePageHandlerMapping] Adding welcome page: class path resource [static/index.html]
[2024-12-18 12:53:44 INFO restartedMain] [org.springframework.boot.devtools.autoconfigure.OptionalLiveReloadServer] LiveReload server is running on port 35729
[2024-12-18 12:53:44 INFO restartedMain] [org.apache.coyote.http11.Http11NioProtocol] Starting ProtocolHandler ["http-nio-8080"]
[2024-12-18 12:53:44 INFO restartedMain] [org.springframework.boot.web.embedded.tomcat.TomcatWebServer] Tomcat started on port 8080 (http) with context path '/'
[2024-12-18 12:53:44 INFO restartedMain] [com.green.greengram.GreenGramApplication] Started GreenGramApplication in 0.411 seconds (process running for 75.984)
[2024-12-18 12:53:44 INFO restartedMain] [org.springframework.boot.devtools.autoconfigure.ConditionEvaluationDeltaLoggingListener] Condition evaluation unchanged
[2024-12-18 13:02:03 INFO SpringApplicationShutdownHook] [com.zaxxer.hikari.HikariDataSource] HikariPool-2 - Shutdown initiated...
[2024-12-18 13:02:03 INFO SpringApplicationShutdownHook] [com.zaxxer.hikari.HikariDataSource] HikariPool-2 - Shutdown completed.
